Microsoft HTML Help Compiler 4.74.8702

Compiling h:\8.SEMESTAR\Diplomski\NEW\ElektronskiZdravstveniKarton\ElektronskiZdravstveniKarton\Help\HelpHCI.chm

topics\Pocetna.htm
topics\Vrsta korisnika.htm
topics\Prijavljivanje.htm
topics\Pružene usluge.htm
topics\Registrovanje korisnika.htm
topics\Utrošena sredstva.htm
topics\Pacijenti za prijem.htm
topics\Izdavanje nalaza.htm
img\icon.jpg
img\vrsteKor.png
img\prijav.png
css\styles_standard.css

Compile time: 0 minutes, 1 second
8	Topics
9	Local links
0	Internet links
3	Graphics


Created h:\8.SEMESTAR\Diplomski\NEW\ElektronskiZdravstveniKarton\ElektronskiZdravstveniKarton\Help\HelpHCI.chm, 105,038 bytes
Compression decreased file by 2,796 bytes.
